{"C:\\Users\\MK\\Documents\\GitHub\\react-ts-sass-ecommerce-product-page\\src\\main.tsx": {"path":"C:\\Users\\MK\\Documents\\GitHub\\react-ts-sass-ecommerce-product-page\\src\\main.tsx","statementMap":{"0":{"start":{"line":1,"column":0},"end":{"line":1,"column":26}},"1":{"start":{"line":2,"column":0},"end":{"line":2,"column":40}},"2":{"start":{"line":3,"column":0},"end":{"line":3,"column":39}},"3":{"start":{"line":4,"column":0},"end":{"line":4,"column":36}},"4":{"start":{"line":6,"column":0},"end":{"line":10,"column":2}}},"fnMap":{},"branchMap":{},"s":{"0":0,"1":0,"2":0,"3":0,"4":0},"f":{},"b":{}}
,"C:\\Users\\MK\\Documents\\GitHub\\react-ts-sass-ecommerce-product-page\\src\\components\\AddToCart\\AddToCart.tsx": {"path":"C:\\Users\\MK\\Documents\\GitHub\\react-ts-sass-ecommerce-product-page\\src\\components\\AddToCart\\AddToCart.tsx","statementMap":{"0":{"start":{"line":1,"column":0},"end":{"line":1,"column":45}},"1":{"start":{"line":2,"column":0},"end":{"line":2,"column":null}},"2":{"start":{"line":7,"column":25},"end":{"line":48,"column":1}},"3":{"start":{"line":8,"column":34},"end":{"line":9,"column":null}},"4":{"start":{"line":11,"column":28},"end":{"line":11,"column":39}},"5":{"start":{"line":12,"column":2},"end":{"line":47,"column":4}},"6":{"start":{"line":17,"column":25},"end":{"line":17,"column":60}},"7":{"start":{"line":25,"column":56},"end":{"line":25,"column":75}},"8":{"start":{"line":34,"column":10},"end":{"line":37,"column":12}},"9":{"start":{"line":7,"column":13},"end":{"line":7,"column":25}}},"fnMap":{"0":{"name":"(anonymous_0)","decl":{"start":{"line":7,"column":25},"end":{"line":7,"column":41}},"loc":{"start":{"line":7,"column":43},"end":{"line":48,"column":1}}},"1":{"name":"(anonymous_1)","decl":{"start":{"line":17,"column":19},"end":{"line":17,"column":22}},"loc":{"start":{"line":17,"column":25},"end":{"line":17,"column":60}}},"2":{"name":"(anonymous_2)","decl":{"start":{"line":25,"column":50},"end":{"line":25,"column":53}},"loc":{"start":{"line":25,"column":56},"end":{"line":25,"column":75}}},"3":{"name":"(anonymous_3)","decl":{"start":{"line":33,"column":17},"end":{"line":33,"column":20}},"loc":{"start":{"line":34,"column":10},"end":{"line":37,"column":12}}}},"branchMap":{"0":{"loc":{"start":{"line":17,"column":34},"end":{"line":17,"column":59}},"type":"cond-expr","locations":[{"start":{"line":17,"column":42},"end":{"line":17,"column":51}},{"start":{"line":17,"column":54},"end":{"line":17,"column":59}}]}},"s":{"0":1,"1":1,"2":1,"3":9,"4":0,"5":0,"6":0,"7":0,"8":0,"9":1},"f":{"0":9,"1":0,"2":0,"3":0},"b":{"0":[0,0]}}
,"C:\\Users\\MK\\Documents\\GitHub\\react-ts-sass-ecommerce-product-page\\src\\components\\App\\App.tsx": {"path":"C:\\Users\\MK\\Documents\\GitHub\\react-ts-sass-ecommerce-product-page\\src\\components\\App\\App.tsx","statementMap":{"0":{"start":{"line":1,"column":0},"end":{"line":1,"column":42}},"1":{"start":{"line":2,"column":0},"end":{"line":2,"column":54}},"2":{"start":{"line":3,"column":0},"end":{"line":3,"column":42}},"3":{"start":{"line":4,"column":0},"end":{"line":4,"column":63}},"4":{"start":{"line":5,"column":0},"end":{"line":5,"column":66}},"5":{"start":{"line":6,"column":0},"end":{"line":6,"column":66}},"6":{"start":{"line":8,"column":12},"end":{"line":21,"column":1}},"7":{"start":{"line":9,"column":2},"end":{"line":20,"column":4}},"8":{"start":{"line":23,"column":0},"end":{"line":23,"column":19}}},"fnMap":{"0":{"name":"(anonymous_0)","decl":{"start":{"line":8,"column":12},"end":{"line":8,"column":28}},"loc":{"start":{"line":8,"column":30},"end":{"line":21,"column":1}}}},"branchMap":{},"s":{"0":0,"1":0,"2":0,"3":0,"4":0,"5":0,"6":0,"7":0,"8":0},"f":{"0":0},"b":{}}
,"C:\\Users\\MK\\Documents\\GitHub\\react-ts-sass-ecommerce-product-page\\src\\components\\Carousel\\Carousel.tsx": {"path":"C:\\Users\\MK\\Documents\\GitHub\\react-ts-sass-ecommerce-product-page\\src\\components\\Carousel\\Carousel.tsx","statementMap":{"0":{"start":{"line":1,"column":0},"end":{"line":1,"column":44}},"1":{"start":{"line":4,"column":0},"end":{"line":4,"column":51}},"2":{"start":{"line":7,"column":0},"end":{"line":7,"column":20}},"3":{"start":{"line":8,"column":0},"end":{"line":8,"column":31}},"4":{"start":{"line":9,"column":0},"end":{"line":9,"column":31}},"5":{"start":{"line":11,"column":0},"end":{"line":11,"column":48}},"6":{"start":{"line":12,"column":0},"end":{"line":12,"column":null}},"7":{"start":{"line":17,"column":38},"end":{"line":22,"column":2}},"8":{"start":{"line":24,"column":37},"end":{"line":29,"column":2}},"9":{"start":{"line":31,"column":24},"end":{"line":69,"column":1}},"10":{"start":{"line":32,"column":25},"end":{"line":32,"column":73}},"11":{"start":{"line":33,"column":21},"end":{"line":45,"column":4}},"12":{"start":{"line":37,"column":6},"end":{"line":43,"column":8}},"13":{"start":{"line":47,"column":25},"end":{"line":54,"column":null}},"14":{"start":{"line":49,"column":6},"end":{"line":53,"column":8}},"15":{"start":{"line":50,"column":8},"end":{"line":50,"column":null}},"16":{"start":{"line":51,"column":60},"end":{"line":51,"column":76}},"17":{"start":{"line":57,"column":2},"end":{"line":68,"column":4}},"18":{"start":{"line":31,"column":13},"end":{"line":31,"column":24}}},"fnMap":{"0":{"name":"(anonymous_0)","decl":{"start":{"line":31,"column":24},"end":{"line":31,"column":40}},"loc":{"start":{"line":31,"column":42},"end":{"line":69,"column":1}}},"1":{"name":"(anonymous_1)","decl":{"start":{"line":36,"column":18},"end":{"line":36,"column":28}},"loc":{"start":{"line":36,"column":60},"end":{"line":44,"column":5}}},"2":{"name":"(anonymous_2)","decl":{"start":{"line":48,"column":4},"end":{"line":48,"column":7}},"loc":{"start":{"line":49,"column":6},"end":{"line":53,"column":8}}},"3":{"name":"(anonymous_3)","decl":{"start":{"line":49,"column":30},"end":{"line":49,"column":31}},"loc":{"start":{"line":50,"column":8},"end":{"line":50,"column":null}}},"4":{"name":"(anonymous_4)","decl":{"start":{"line":51,"column":54},"end":{"line":51,"column":57}},"loc":{"start":{"line":51,"column":60},"end":{"line":51,"column":76}}}},"branchMap":{},"s":{"0":0,"1":0,"2":0,"3":0,"4":0,"5":0,"6":0,"7":0,"8":0,"9":0,"10":0,"11":0,"12":0,"13":0,"14":0,"15":0,"16":0,"17":0,"18":0},"f":{"0":0,"1":0,"2":0,"3":0,"4":0},"b":{}}
,"C:\\Users\\MK\\Documents\\GitHub\\react-ts-sass-ecommerce-product-page\\src\\components\\CarouselModal\\CarouselModal.tsx": {"path":"C:\\Users\\MK\\Documents\\GitHub\\react-ts-sass-ecommerce-product-page\\src\\components\\CarouselModal\\CarouselModal.tsx","statementMap":{"0":{"start":{"line":1,"column":0},"end":{"line":1,"column":35}},"1":{"start":{"line":2,"column":0},"end":{"line":2,"column":null}},"2":{"start":{"line":6,"column":0},"end":{"line":6,"column":48}},"3":{"start":{"line":7,"column":0},"end":{"line":7,"column":39}},"4":{"start":{"line":9,"column":29},"end":{"line":37,"column":1}},"5":{"start":{"line":10,"column":34},"end":{"line":11,"column":null}},"6":{"start":{"line":15,"column":19},"end":{"line":18,"column":4}},"7":{"start":{"line":20,"column":2},"end":{"line":36,"column":4}},"8":{"start":{"line":28,"column":61},"end":{"line":28,"column":78}},"9":{"start":{"line":9,"column":13},"end":{"line":9,"column":29}}},"fnMap":{"0":{"name":"(anonymous_0)","decl":{"start":{"line":9,"column":29},"end":{"line":9,"column":45}},"loc":{"start":{"line":9,"column":47},"end":{"line":37,"column":1}}},"1":{"name":"(anonymous_1)","decl":{"start":{"line":28,"column":55},"end":{"line":28,"column":58}},"loc":{"start":{"line":28,"column":61},"end":{"line":28,"column":78}}}},"branchMap":{"0":{"loc":{"start":{"line":23,"column":15},"end":{"line":23,"column":41}},"type":"cond-expr","locations":[{"start":{"line":23,"column":25},"end":{"line":23,"column":31}},{"start":{"line":23,"column":34},"end":{"line":23,"column":41}}]},"1":{"loc":{"start":{"line":25,"column":24},"end":{"line":25,"column":49}},"type":"cond-expr","locations":[{"start":{"line":25,"column":34},"end":{"line":25,"column":40}},{"start":{"line":25,"column":43},"end":{"line":25,"column":49}}]}},"s":{"0":0,"1":0,"2":0,"3":0,"4":0,"5":0,"6":0,"7":0,"8":0,"9":0},"f":{"0":0,"1":0},"b":{"0":[0,0],"1":[0,0]}}
,"C:\\Users\\MK\\Documents\\GitHub\\react-ts-sass-ecommerce-product-page\\src\\components\\Footer\\Footer.tsx": {"path":"C:\\Users\\MK\\Documents\\GitHub\\react-ts-sass-ecommerce-product-page\\src\\components\\Footer\\Footer.tsx","statementMap":{"0":{"start":{"line":1,"column":22},"end":{"line":11,"column":1}},"1":{"start":{"line":2,"column":2},"end":{"line":10,"column":4}},"2":{"start":{"line":1,"column":13},"end":{"line":1,"column":22}}},"fnMap":{"0":{"name":"(anonymous_0)","decl":{"start":{"line":1,"column":22},"end":{"line":1,"column":38}},"loc":{"start":{"line":1,"column":40},"end":{"line":11,"column":1}}}},"branchMap":{},"s":{"0":0,"1":0,"2":0},"f":{"0":0},"b":{}}
,"C:\\Users\\MK\\Documents\\GitHub\\react-ts-sass-ecommerce-product-page\\src\\components\\MainLayout\\MainLayout.tsx": {"path":"C:\\Users\\MK\\Documents\\GitHub\\react-ts-sass-ecommerce-product-page\\src\\components\\MainLayout\\MainLayout.tsx","statementMap":{"0":{"start":{"line":1,"column":0},"end":{"line":1,"column":48}},"1":{"start":{"line":2,"column":0},"end":{"line":2,"column":66}},"2":{"start":{"line":4,"column":26},"end":{"line":11,"column":1}},"3":{"start":{"line":5,"column":2},"end":{"line":10,"column":4}},"4":{"start":{"line":4,"column":13},"end":{"line":4,"column":26}}},"fnMap":{"0":{"name":"(anonymous_0)","decl":{"start":{"line":4,"column":26},"end":{"line":4,"column":42}},"loc":{"start":{"line":4,"column":44},"end":{"line":11,"column":1}}}},"branchMap":{},"s":{"0":0,"1":0,"2":0,"3":0,"4":0},"f":{"0":0},"b":{}}
,"C:\\Users\\MK\\Documents\\GitHub\\react-ts-sass-ecommerce-product-page\\src\\components\\Navbar\\Navbar.tsx": {"path":"C:\\Users\\MK\\Documents\\GitHub\\react-ts-sass-ecommerce-product-page\\src\\components\\Navbar\\Navbar.tsx","statementMap":{"0":{"start":{"line":1,"column":0},"end":{"line":1,"column":53}},"1":{"start":{"line":2,"column":0},"end":{"line":2,"column":null}},"2":{"start":{"line":6,"column":0},"end":{"line":6,"column":41}},"3":{"start":{"line":9,"column":27},"end":{"line":9,"column":78}},"4":{"start":{"line":11,"column":22},"end":{"line":110,"column":1}},"5":{"start":{"line":12,"column":34},"end":{"line":12,"column":48}},"6":{"start":{"line":13,"column":20},"end":{"line":13,"column":45}},"7":{"start":{"line":14,"column":18},"end":{"line":14,"column":48}},"8":{"start":{"line":15,"column":22},"end":{"line":15,"column":71}},"9":{"start":{"line":18,"column":19},"end":{"line":24,"column":3}},"10":{"start":{"line":20,"column":4},"end":{"line":20,"column":52}},"11":{"start":{"line":23,"column":4},"end":{"line":23,"column":55}},"12":{"start":{"line":27,"column":20},"end":{"line":33,"column":3}},"13":{"start":{"line":29,"column":4},"end":{"line":29,"column":51}},"14":{"start":{"line":32,"column":4},"end":{"line":32,"column":60}},"15":{"start":{"line":35,"column":2},"end":{"line":109,"column":4}},"16":{"start":{"line":53,"column":16},"end":{"line":53,"column":31}},"17":{"start":{"line":71,"column":16},"end":{"line":71,"column":31}},"18":{"start":{"line":84,"column":29},"end":{"line":84,"column":51}},"19":{"start":{"line":11,"column":13},"end":{"line":11,"column":22}}},"fnMap":{"0":{"name":"(anonymous_0)","decl":{"start":{"line":11,"column":22},"end":{"line":11,"column":38}},"loc":{"start":{"line":11,"column":40},"end":{"line":110,"column":1}}},"1":{"name":"(anonymous_1)","decl":{"start":{"line":18,"column":19},"end":{"line":18,"column":22}},"loc":{"start":{"line":18,"column":24},"end":{"line":24,"column":3}}},"2":{"name":"(anonymous_2)","decl":{"start":{"line":27,"column":20},"end":{"line":27,"column":23}},"loc":{"start":{"line":27,"column":25},"end":{"line":33,"column":3}}},"3":{"name":"(anonymous_3)","decl":{"start":{"line":52,"column":28},"end":{"line":52,"column":29}},"loc":{"start":{"line":53,"column":16},"end":{"line":53,"column":31}}},"4":{"name":"(anonymous_4)","decl":{"start":{"line":70,"column":28},"end":{"line":70,"column":29}},"loc":{"start":{"line":71,"column":16},"end":{"line":71,"column":31}}},"5":{"name":"(anonymous_5)","decl":{"start":{"line":84,"column":23},"end":{"line":84,"column":26}},"loc":{"start":{"line":84,"column":29},"end":{"line":84,"column":51}}}},"branchMap":{"0":{"loc":{"start":{"line":88,"column":30},"end":{"line":88,"column":62}},"type":"cond-expr","locations":[{"start":{"line":88,"column":47},"end":{"line":88,"column":53}},{"start":{"line":88,"column":56},"end":{"line":88,"column":62}}]},"1":{"loc":{"start":{"line":92,"column":17},"end":{"line":92,"column":36}},"type":"binary-expr","locations":[{"start":{"line":92,"column":17},"end":{"line":92,"column":31}},{"start":{"line":92,"column":35},"end":{"line":92,"column":36}}]}},"s":{"0":0,"1":0,"2":0,"3":0,"4":0,"5":0,"6":0,"7":0,"8":0,"9":0,"10":0,"11":0,"12":0,"13":0,"14":0,"15":0,"16":0,"17":0,"18":0,"19":0},"f":{"0":0,"1":0,"2":0,"3":0,"4":0,"5":0},"b":{"0":[0,0],"1":[0,0]}}
,"C:\\Users\\MK\\Documents\\GitHub\\react-ts-sass-ecommerce-product-page\\src\\components\\Navbar\\components\\Cart.tsx": {"path":"C:\\Users\\MK\\Documents\\GitHub\\react-ts-sass-ecommerce-product-page\\src\\components\\Navbar\\components\\Cart.tsx","statementMap":{"0":{"start":{"line":1,"column":0},"end":{"line":1,"column":54}},"1":{"start":{"line":2,"column":0},"end":{"line":2,"column":null}},"2":{"start":{"line":6,"column":0},"end":{"line":6,"column":39}},"3":{"start":{"line":13,"column":20},"end":{"line":89,"column":1}},"4":{"start":{"line":14,"column":18},"end":{"line":14,"column":46}},"5":{"start":{"line":15,"column":34},"end":{"line":16,"column":null}},"6":{"start":{"line":19,"column":27},"end":{"line":26,"column":3}},"7":{"start":{"line":20,"column":4},"end":{"line":25,"column":null}},"8":{"start":{"line":24,"column":6},"end":{"line":24,"column":24}},"9":{"start":{"line":28,"column":2},"end":{"line":39,"column":17}},"10":{"start":{"line":29,"column":4},"end":{"line":29,"column":65}},"11":{"start":{"line":29,"column":44},"end":{"line":29,"column":63}},"12":{"start":{"line":30,"column":4},"end":{"line":34,"column":null}},"13":{"start":{"line":31,"column":6},"end":{"line":31,"column":46}},"14":{"start":{"line":33,"column":6},"end":{"line":33,"column":46}},"15":{"start":{"line":36,"column":4},"end":{"line":38,"column":6}},"16":{"start":{"line":37,"column":6},"end":{"line":37,"column":70}},"17":{"start":{"line":37,"column":49},"end":{"line":37,"column":68}},"18":{"start":{"line":42,"column":19},"end":{"line":45,"column":4}},"19":{"start":{"line":47,"column":2},"end":{"line":88,"column":4}},"20":{"start":{"line":75,"column":29},"end":{"line":75,"column":65}},"21":{"start":{"line":13,"column":13},"end":{"line":13,"column":20}}},"fnMap":{"0":{"name":"(anonymous_0)","decl":{"start":{"line":13,"column":20},"end":{"line":13,"column":21}},"loc":{"start":{"line":13,"column":74},"end":{"line":89,"column":1}}},"1":{"name":"(anonymous_1)","decl":{"start":{"line":19,"column":27},"end":{"line":19,"column":28}},"loc":{"start":{"line":19,"column":44},"end":{"line":26,"column":3}}},"2":{"name":"(anonymous_2)","decl":{"start":{"line":28,"column":12},"end":{"line":28,"column":15}},"loc":{"start":{"line":28,"column":17},"end":{"line":39,"column":3}}},"3":{"name":"(anonymous_3)","decl":{"start":{"line":29,"column":37},"end":{"line":29,"column":38}},"loc":{"start":{"line":29,"column":44},"end":{"line":29,"column":63}}},"4":{"name":"(anonymous_4)","decl":{"start":{"line":36,"column":11},"end":{"line":36,"column":14}},"loc":{"start":{"line":36,"column":16},"end":{"line":38,"column":5}}},"5":{"name":"(anonymous_5)","decl":{"start":{"line":37,"column":42},"end":{"line":37,"column":43}},"loc":{"start":{"line":37,"column":49},"end":{"line":37,"column":68}}},"6":{"name":"(anonymous_6)","decl":{"start":{"line":75,"column":23},"end":{"line":75,"column":26}},"loc":{"start":{"line":75,"column":29},"end":{"line":75,"column":65}}}},"branchMap":{"0":{"loc":{"start":{"line":20,"column":4},"end":{"line":25,"column":null}},"type":"if","locations":[{"start":{"line":20,"column":4},"end":{"line":25,"column":null}}]},"1":{"loc":{"start":{"line":21,"column":6},"end":{"line":22,"column":62}},"type":"binary-expr","locations":[{"start":{"line":21,"column":6},"end":{"line":21,"column":43}},{"start":{"line":22,"column":6},"end":{"line":22,"column":62}}]},"2":{"loc":{"start":{"line":30,"column":4},"end":{"line":34,"column":null}},"type":"if","locations":[{"start":{"line":30,"column":4},"end":{"line":34,"column":null}},{"start":{"line":32,"column":11},"end":{"line":34,"column":null}}]},"3":{"loc":{"start":{"line":50,"column":15},"end":{"line":50,"column":44}},"type":"cond-expr","locations":[{"start":{"line":50,"column":27},"end":{"line":50,"column":33}},{"start":{"line":50,"column":36},"end":{"line":50,"column":44}}]},"4":{"loc":{"start":{"line":57,"column":7},"end":{"line":57,"column":77}},"type":"binary-expr","locations":[{"start":{"line":57,"column":7},"end":{"line":57,"column":22}},{"start":{"line":57,"column":26},"end":{"line":57,"column":77}}]},"5":{"loc":{"start":{"line":60,"column":7},"end":{"line":85,"column":null}},"type":"binary-expr","locations":[{"start":{"line":60,"column":7},"end":{"line":60,"column":25}},{"start":{"line":61,"column":8},"end":{"line":84,"column":null}}]}},"s":{"0":0,"1":0,"2":0,"3":0,"4":0,"5":0,"6":0,"7":0,"8":0,"9":0,"10":0,"11":0,"12":0,"13":0,"14":0,"15":0,"16":0,"17":0,"18":0,"19":0,"20":0,"21":0},"f":{"0":0,"1":0,"2":0,"3":0,"4":0,"5":0,"6":0},"b":{"0":[0],"1":[0,0],"2":[0,0],"3":[0,0],"4":[0,0],"5":[0,0]}}
,"C:\\Users\\MK\\Documents\\GitHub\\react-ts-sass-ecommerce-product-page\\src\\components\\ProductDetails\\ProductDetails.tsx": {"path":"C:\\Users\\MK\\Documents\\GitHub\\react-ts-sass-ecommerce-product-page\\src\\components\\ProductDetails\\ProductDetails.tsx","statementMap":{"0":{"start":{"line":1,"column":0},"end":{"line":1,"column":51}},"1":{"start":{"line":3,"column":30},"end":{"line":24,"column":1}},"2":{"start":{"line":4,"column":2},"end":{"line":23,"column":4}},"3":{"start":{"line":3,"column":13},"end":{"line":3,"column":30}}},"fnMap":{"0":{"name":"(anonymous_0)","decl":{"start":{"line":3,"column":30},"end":{"line":3,"column":46}},"loc":{"start":{"line":3,"column":48},"end":{"line":24,"column":1}}}},"branchMap":{},"s":{"0":0,"1":0,"2":0,"3":0},"f":{"0":0},"b":{}}
,"C:\\Users\\MK\\Documents\\GitHub\\react-ts-sass-ecommerce-product-page\\src\\context\\isModal\\IsModalState.tsx": {"path":"C:\\Users\\MK\\Documents\\GitHub\\react-ts-sass-ecommerce-product-page\\src\\context\\isModal\\IsModalState.tsx","statementMap":{"0":{"start":{"line":1,"column":0},"end":{"line":1,"column":40}},"1":{"start":{"line":2,"column":0},"end":{"line":2,"column":50}},"2":{"start":{"line":8,"column":50},"end":{"line":16,"column":1}},"3":{"start":{"line":9,"column":32},"end":{"line":9,"column":47}},"4":{"start":{"line":11,"column":2},"end":{"line":15,"column":4}},"5":{"start":{"line":8,"column":13},"end":{"line":8,"column":50}}},"fnMap":{"0":{"name":"(anonymous_0)","decl":{"start":{"line":8,"column":50},"end":{"line":8,"column":51}},"loc":{"start":{"line":8,"column":67},"end":{"line":16,"column":1}}}},"branchMap":{},"s":{"0":0,"1":0,"2":0,"3":0,"4":0,"5":0},"f":{"0":0},"b":{}}
,"C:\\Users\\MK\\Documents\\GitHub\\react-ts-sass-ecommerce-product-page\\src\\context\\isModal\\isModalContext.tsx": {"path":"C:\\Users\\MK\\Documents\\GitHub\\react-ts-sass-ecommerce-product-page\\src\\context\\isModal\\isModalContext.tsx","statementMap":{"0":{"start":{"line":1,"column":0},"end":{"line":1,"column":38}},"1":{"start":{"line":8,"column":13},"end":{"line":8,"column":77}}},"fnMap":{},"branchMap":{},"s":{"0":0,"1":0},"f":{},"b":{}}
,"C:\\Users\\MK\\Documents\\GitHub\\react-ts-sass-ecommerce-product-page\\src\\context\\product\\ProductState.tsx": {"path":"C:\\Users\\MK\\Documents\\GitHub\\react-ts-sass-ecommerce-product-page\\src\\context\\product\\ProductState.tsx","statementMap":{"0":{"start":{"line":2,"column":0},"end":{"line":2,"column":68}},"1":{"start":{"line":4,"column":0},"end":{"line":4,"column":50}},"2":{"start":{"line":13,"column":34},"end":{"line":18,"column":2}},"3":{"start":{"line":20,"column":44},"end":{"line":28,"column":1}},"4":{"start":{"line":21,"column":32},"end":{"line":21,"column":71}},"5":{"start":{"line":23,"column":2},"end":{"line":27,"column":4}},"6":{"start":{"line":20,"column":13},"end":{"line":20,"column":44}}},"fnMap":{"0":{"name":"(anonymous_0)","decl":{"start":{"line":20,"column":44},"end":{"line":20,"column":45}},"loc":{"start":{"line":20,"column":61},"end":{"line":28,"column":1}}}},"branchMap":{},"s":{"0":0,"1":0,"2":0,"3":0,"4":0,"5":0,"6":0},"f":{"0":0},"b":{}}
,"C:\\Users\\MK\\Documents\\GitHub\\react-ts-sass-ecommerce-product-page\\src\\context\\product\\productContext.tsx": {"path":"C:\\Users\\MK\\Documents\\GitHub\\react-ts-sass-ecommerce-product-page\\src\\context\\product\\productContext.tsx","statementMap":{"0":{"start":{"line":1,"column":0},"end":{"line":1,"column":38}},"1":{"start":{"line":9,"column":13},"end":{"line":9,"column":78}}},"fnMap":{},"branchMap":{},"s":{"0":1,"1":1},"f":{},"b":{}}
,"C:\\Users\\MK\\Documents\\GitHub\\react-ts-sass-ecommerce-product-page\\src\\hooks\\useStorage\\useStorage.tsx": {"path":"C:\\Users\\MK\\Documents\\GitHub\\react-ts-sass-ecommerce-product-page\\src\\hooks\\useStorage\\useStorage.tsx","statementMap":{"0":{"start":{"line":1,"column":0},"end":{"line":1,"column":57}},"1":{"start":{"line":6,"column":2},"end":{"line":6,"column":60}},"2":{"start":{"line":5,"column":0},"end":{"line":5,"column":16}},"3":{"start":{"line":10,"column":2},"end":{"line":10,"column":62}},"4":{"start":{"line":9,"column":0},"end":{"line":9,"column":16}},"5":{"start":{"line":18,"column":28},"end":{"line":27,"column":4}},"6":{"start":{"line":19,"column":22},"end":{"line":19,"column":48}},"7":{"start":{"line":20,"column":4},"end":{"line":20,"column":56}},"8":{"start":{"line":20,"column":27},"end":{"line":20,"column":56}},"9":{"start":{"line":22,"column":4},"end":{"line":26,"column":null}},"10":{"start":{"line":23,"column":6},"end":{"line":23,"column":28}},"11":{"start":{"line":25,"column":6},"end":{"line":25,"column":26}},"12":{"start":{"line":29,"column":2},"end":{"line":32,"column":34}},"13":{"start":{"line":30,"column":4},"end":{"line":30,"column":66}},"14":{"start":{"line":30,"column":29},"end":{"line":30,"column":66}},"15":{"start":{"line":31,"column":4},"end":{"line":31,"column":54}},"16":{"start":{"line":34,"column":17},"end":{"line":36,"column":8}},"17":{"start":{"line":35,"column":4},"end":{"line":35,"column":24}},"18":{"start":{"line":38,"column":2},"end":{"line":38,"column":35}}},"fnMap":{"0":{"name":"useLocalStorage","decl":{"start":{"line":5,"column":16},"end":{"line":5,"column":31}},"loc":{"start":{"line":5,"column":75},"end":{"line":7,"column":1}}},"1":{"name":"useSessionStorage","decl":{"start":{"line":9,"column":16},"end":{"line":9,"column":33}},"loc":{"start":{"line":9,"column":77},"end":{"line":11,"column":1}}},"2":{"name":"useStorage","decl":{"start":{"line":13,"column":9},"end":{"line":13,"column":19}},"loc":{"start":{"line":16,"column":32},"end":{"line":39,"column":1}}},"3":{"name":"(anonymous_3)","decl":{"start":{"line":18,"column":37},"end":{"line":18,"column":40}},"loc":{"start":{"line":18,"column":42},"end":{"line":27,"column":3}}},"4":{"name":"(anonymous_4)","decl":{"start":{"line":29,"column":12},"end":{"line":29,"column":15}},"loc":{"start":{"line":29,"column":17},"end":{"line":32,"column":3}}},"5":{"name":"(anonymous_5)","decl":{"start":{"line":34,"column":29},"end":{"line":34,"column":32}},"loc":{"start":{"line":34,"column":34},"end":{"line":36,"column":3}}}},"branchMap":{"0":{"loc":{"start":{"line":20,"column":4},"end":{"line":20,"column":56}},"type":"if","locations":[{"start":{"line":20,"column":4},"end":{"line":20,"column":56}}]},"1":{"loc":{"start":{"line":22,"column":4},"end":{"line":26,"column":null}},"type":"if","locations":[{"start":{"line":22,"column":4},"end":{"line":26,"column":null}},{"start":{"line":24,"column":11},"end":{"line":26,"column":null}}]},"2":{"loc":{"start":{"line":30,"column":4},"end":{"line":30,"column":66}},"type":"if","locations":[{"start":{"line":30,"column":4},"end":{"line":30,"column":66}}]}},"s":{"0":0,"1":0,"2":0,"3":0,"4":0,"5":0,"6":0,"7":0,"8":0,"9":0,"10":0,"11":0,"12":0,"13":0,"14":0,"15":0,"16":0,"17":0,"18":0},"f":{"0":0,"1":0,"2":0,"3":0,"4":0,"5":0},"b":{"0":[0],"1":[0,0],"2":[0]}}
}
